Using pre-set license
Built from '2021.3/staging' branch; Version is '2021.3.15f1 (e8e88683f834) revision 15263878'; Using compiler version '192829333'; Build Type 'Release'
OS: 'Windows 10  (10.0.19045) 64bit Enterprise' Language: 'en' Physical Memory: 65175 MB
BatchMode: 1, IsHumanControllingUs: 0, StartBugReporterOnCrash: 0, Is64bit: 1, IsPro: 1

COMMAND LINE ARGUMENTS:
C:\Program Files\Unity\Hub\Editor\2021.3.15f1\Editor\Unity.exe
-adb2
-batchMode
-noUpm
-name
AssetImportWorker4
-projectPath
C:/Users/novakowa/Documents/GitHub/Automaton/Automaton
-logFile
Logs/AssetImportWorker4.log
-srvPort
63991
Successfully changed project path to: C:/Users/novakowa/Documents/GitHub/Automaton/Automaton
C:/Users/novakowa/Documents/GitHub/Automaton/Automaton
[UnityMemory] Configuration Parameters - Can be set up in boot.config
    "memorysetup-bucket-allocator-granularity=16"
    "memorysetup-bucket-allocator-bucket-count=8"
    "memorysetup-bucket-allocator-block-size=33554432"
    "memorysetup-bucket-allocator-block-count=8"
    "memorysetup-main-allocator-block-size=16777216"
    "memorysetup-thread-allocator-block-size=16777216"
    "memorysetup-gfx-main-allocator-block-size=16777216"
    "memorysetup-gfx-thread-allocator-block-size=16777216"
    "memorysetup-cache-allocator-block-size=4194304"
    "memorysetup-typetree-allocator-block-size=2097152"
    "memorysetup-profiler-bucket-allocator-granularity=16"
    "memorysetup-profiler-bucket-allocator-bucket-count=8"
    "memorysetup-profiler-bucket-allocator-block-size=33554432"
    "memorysetup-profiler-bucket-allocator-block-count=8"
    "memorysetup-profiler-allocator-block-size=16777216"
    "memorysetup-profiler-editor-allocator-block-size=1048576"
    "memorysetup-temp-allocator-size-main=16777216"
    "memorysetup-job-temp-allocator-block-size=2097152"
    "memorysetup-job-temp-allocator-block-size-background=1048576"
    "memorysetup-job-temp-allocator-reduction-small-platforms=262144"
    "memorysetup-temp-allocator-size-background-worker=32768"
    "memorysetup-temp-allocator-size-job-worker=262144"
    "memorysetup-temp-allocator-size-preload-manager=33554432"
    "memorysetup-temp-allocator-size-nav-mesh-worker=65536"
    "memorysetup-temp-allocator-size-audio-worker=65536"
    "memorysetup-temp-allocator-size-cloud-worker=32768"
    "memorysetup-temp-allocator-size-gi-baking-worker=262144"
    "memorysetup-temp-allocator-size-gfx=262144"
Player connection [36396] Host "[IP] 142.55.121.25 [Port] 0 [Flags] 2 [Guid] 566984330 [EditorId] 566984330 [Version] 1048832 [Id] WindowsEditor(7,oa-g403-14) [Debug] 1 [PackageName] WindowsEditor [ProjectName] Editor" joined multi-casting on [225.0.0.222:54997]...

Player connection [36396] Host "[IP] 142.55.121.25 [Port] 0 [Flags] 2 [Guid] 566984330 [EditorId] 566984330 [Version] 1048832 [Id] WindowsEditor(7,oa-g403-14) [Debug] 1 [PackageName] WindowsEditor [ProjectName] Editor" joined alternative multi-casting on [225.0.0.222:34997]...

Refreshing native plugins compatible for Editor in 68.81 ms, found 3 plugins.
Preloading 0 native plugins for Editor in 0.00 ms.
Initialize engine version: 2021.3.15f1 (e8e88683f834)
[Subsystems] Discovering subsystems at path C:/Program Files/Unity/Hub/Editor/2021.3.15f1/Editor/Data/Resources/UnitySubsystems
[Subsystems] Discovering subsystems at path C:/Users/novakowa/Documents/GitHub/Automaton/Automaton/Assets
GfxDevice: creating device client; threaded=0; jobified=0
Direct3D:
    Version:  Direct3D 11.0 [level 11.1]
    Renderer: NVIDIA GeForce RTX 3090 (ID=0x2204)
    Vendor:   NVIDIA
    VRAM:     24340 MB
    Driver:   31.0.15.3640
Initialize mono
Mono path[0] = 'C:/Program Files/Unity/Hub/Editor/2021.3.15f1/Editor/Data/Managed'
Mono path[1] = 'C:/Program Files/Unity/Hub/Editor/2021.3.15f1/Editor/Data/MonoBleedingEdge/lib/mono/unityjit-win32'
Mono config path = 'C:/Program Files/Unity/Hub/Editor/2021.3.15f1/Editor/Data/MonoBleedingEdge/etc'
Using monoOptions --debugger-agent=transport=dt_socket,embedding=1,server=y,suspend=n,address=127.0.0.1:56364
Begin MonoManager ReloadAssembly
Registering precompiled unity dll's ...
Register platform support module: C:/Program Files/Unity/Hub/Editor/2021.3.15f1/Editor/Data/PlaybackEngines/WindowsStandaloneSupport/UnityEditor.WindowsStandalone.Extensions.dll
Registered in 0.005126 seconds.
Native extension for WindowsStandalone target not found
Refreshing native plugins compatible for Editor in 69.45 ms, found 3 plugins.
Preloading 0 native plugins for Editor in 0.00 ms.
Mono: successfully reloaded assembly
- Completed reload, in  0.498 seconds
Domain Reload Profiling:
	ReloadAssembly (499ms)
		BeginReloadAssembly (61ms)
			ExecutionOrderSort (0ms)
			DisableScriptedObjects (0ms)
			BackupInstance (0ms)
			ReleaseScriptingObjects (0ms)
			CreateAndSetChildDomain (1ms)
		EndReloadAssembly (353ms)
			LoadAssemblies (59ms)
			RebuildTransferFunctionScriptingTraits (0ms)
			SetupTypeCache (72ms)
			ReleaseScriptCaches (0ms)
			RebuildScriptCaches (20ms)
			SetupLoadedEditorAssemblies (221ms)
				LogAssemblyErrors (0ms)
				InitializePlatformSupportModulesInManaged (7ms)
				SetLoadedEditorAssemblies (0ms)
				RefreshPlugins (70ms)
				BeforeProcessingInitializeOnLoad (1ms)
				ProcessInitializeOnLoadAttributes (109ms)
				ProcessInitializeOnLoadMethodAttributes (34ms)
				AfterProcessingInitializeOnLoad (0ms)
				EditorAssembliesLoaded (0ms)
			ExecutionOrderSort2 (0ms)
			AwakeInstancesAfterBackupRestoration (0ms)
Platform modules already initialized, skipping
Registering precompiled user dll's ...
Registered in 0.005743 seconds.
Begin MonoManager ReloadAssembly
Symbol file LoadedFromMemory doesn't match image C:\Users\novakowa\Documents\GitHub\Automaton\Automaton\Library\PackageCache\com.unity.visualscripting@1.7.8\Editor\VisualScripting.Core\Dependencies\YamlDotNet\Unity.VisualScripting.YamlDotNet.dll
Symbol file LoadedFromMemory doesn't match image C:\Users\novakowa\Documents\GitHub\Automaton\Automaton\Library\PackageCache\com.unity.visualscripting@1.7.8\Editor\VisualScripting.Core\Dependencies\DotNetZip\Unity.VisualScripting.IonicZip.dll
Native extension for WindowsStandalone target not found
Refreshing native plugins compatible for Editor in 0.59 ms, found 3 plugins.
Preloading 0 native plugins for Editor in 0.00 ms.
Mono: successfully reloaded assembly
- Completed reload, in  0.906 seconds
Domain Reload Profiling:
	ReloadAssembly (907ms)
		BeginReloadAssembly (91ms)
			ExecutionOrderSort (0ms)
			DisableScriptedObjects (4ms)
			BackupInstance (0ms)
			ReleaseScriptingObjects (0ms)
			CreateAndSetChildDomain (17ms)
		EndReloadAssembly (714ms)
			LoadAssemblies (77ms)
			RebuildTransferFunctionScriptingTraits (0ms)
			SetupTypeCache (203ms)
			ReleaseScriptCaches (1ms)
			RebuildScriptCaches (40ms)
			SetupLoadedEditorAssemblies (366ms)
				LogAssemblyErrors (0ms)
				InitializePlatformSupportModulesInManaged (6ms)
				SetLoadedEditorAssemblies (0ms)
				RefreshPlugins (1ms)
				BeforeProcessingInitializeOnLoad (75ms)
				ProcessInitializeOnLoadAttributes (222ms)
				ProcessInitializeOnLoadMethodAttributes (53ms)
				AfterProcessingInitializeOnLoad (8ms)
				EditorAssembliesLoaded (0ms)
			ExecutionOrderSort2 (0ms)
			AwakeInstancesAfterBackupRestoration (9ms)
Platform modules already initialized, skipping
========================================================================
Worker process is ready to serve import requests
Launched and connected shader compiler UnityShaderCompiler.exe after 0.07 seconds
Refreshing native plugins compatible for Editor in 0.60 ms, found 3 plugins.
Preloading 0 native plugins for Editor in 0.00 ms.
Unloading 3861 Unused Serialized files (Serialized files now loaded: 0)
Unloading 25 unused Assets / (284.5 KB). Loaded Objects now: 4340.
Memory consumption went from 136.4 MB to 136.1 MB.
Total: 2.781600 ms (FindLiveObjects: 0.238500 ms CreateObjectMapping: 0.066800 ms MarkObjects: 2.416100 ms  DeleteObjects: 0.059500 ms)

AssetImportParameters requested are different than current active one (requested -> active):
  custom:video-decoder-ogg-theora: a1e56fd34408186e4bbccfd4996cb3dc -> 
  custom:container-muxer-webm: aa71ff27fc2769a1b78a27578f13a17b -> 
  custom:container-demuxer-webm: 4f35f7cbe854078d1ac9338744f61a02 -> 
  custom:video-encoder-webm-vp8: eb34c28f22e8b96e1ab97ce403110664 -> 
  custom:audio-encoder-webm-vorbis: bf7c407c2cedff20999df2af8eb42d56 -> 
  custom:framework-win-MediaFoundation: 216162199b28c13a410421893ffa2e32 -> 
  custom:container-demuxer-ogg: 62fdf1f143b41e24485cea50d1cbac27 -> 
  custom:video-decoder-webm-vp8: 9c59270c3fd7afecdb556c50c9e8de78 -> 
  custom:audio-decoder-ogg-vorbis: bf7c407c2cedff20999df2af8eb42d56 -> 
========================================================================
Received Import Request.
  Time since last request: 580655.301544 seconds.
  path: Assets/Textures/OutdoorWallV1/OutdoorWallV1.mat
  artifactKey: Guid(169c2d1c78971ba4fa67e053792eebc1) Importer(815301076,1909f56bfc062723c751e8b465ee728b)
Start importing Assets/Textures/OutdoorWallV1/OutdoorWallV1.mat using Guid(169c2d1c78971ba4fa67e053792eebc1) Importer(815301076,1909f56bfc062723c751e8b465ee728b)  -> (artifact id: '921dd2846a82c63bb97f730138f755c4') in 0.089029 seconds 
========================================================================
Received Import Request.
  Time since last request: 34.874339 seconds.
  path: Assets/Textures/OutdoorWallV1/OutdoorWallV1_Normal.PNG
  artifactKey: Guid(b4daaff20258d7b47a94ee7513e4e074) Importer(815301076,1909f56bfc062723c751e8b465ee728b)
Start importing Assets/Textures/OutdoorWallV1/OutdoorWallV1_Normal.PNG using Guid(b4daaff20258d7b47a94ee7513e4e074) Importer(815301076,1909f56bfc062723c751e8b465ee728b)  -> (artifact id: 'f264082ad5a6a6079df17ed696e13822') in 0.048345 seconds 
========================================================================
Received Import Request.
  Time since last request: 11.051155 seconds.
  path: Assets/Textures/OutdoorWallV1/OutdoorWallV1_Normal_DirectX.PNG
  artifactKey: Guid(40b15dccf98c4e74e8f3468a12b20bfb) Importer(815301076,1909f56bfc062723c751e8b465ee728b)
Start importing Assets/Textures/OutdoorWallV1/OutdoorWallV1_Normal_DirectX.PNG using Guid(40b15dccf98c4e74e8f3468a12b20bfb) Importer(815301076,1909f56bfc062723c751e8b465ee728b)  -> (artifact id: '4e09ed2e32ed5c7df0ac060c9b894716') in 0.013714 seconds 
========================================================================
Received Import Request.
  Time since last request: 79.008399 seconds.
  path: Assets/Textures/OutdoorWallV1/OutdoorWallV1.mat
  artifactKey: Guid(169c2d1c78971ba4fa67e053792eebc1) Importer(815301076,1909f56bfc062723c751e8b465ee728b)
Start importing Assets/Textures/OutdoorWallV1/OutdoorWallV1.mat using Guid(169c2d1c78971ba4fa67e053792eebc1) Importer(815301076,1909f56bfc062723c751e8b465ee728b)  -> (artifact id: 'd3dcffc4a127fa7b60797bcb7a075625') in 0.030088 seconds 
========================================================================
Received Import Request.
  Time since last request: 709.403560 seconds.
  path: Assets/Models/TexturedModels/CheckerGround.fbx
  artifactKey: Guid(4f4269750a6f4ae4b8e223d6e33a2d3d) Importer(815301076,1909f56bfc062723c751e8b465ee728b)
Start importing Assets/Models/TexturedModels/CheckerGround.fbx using Guid(4f4269750a6f4ae4b8e223d6e33a2d3d) Importer(815301076,1909f56bfc062723c751e8b465ee728b)  -> (artifact id: '5691a4791c09aeb22fbe687fa6855988') in 0.038303 seconds 
========================================================================
Received Import Request.
  Time since last request: 141.072402 seconds.
  path: Assets/Textures/CheckerGrnd
  artifactKey: Guid(439366ca279a0864aa28ea735785230d) Importer(815301076,1909f56bfc062723c751e8b465ee728b)
Start importing Assets/Textures/CheckerGrnd using Guid(439366ca279a0864aa28ea735785230d) Importer(815301076,1909f56bfc062723c751e8b465ee728b)  -> (artifact id: '99dbcb6537a96223bd0f39998281a67d') in 0.003151 seconds 
========================================================================
Received Import Request.
  Time since last request: 10.187071 seconds.
  path: Assets/Textures/CheckerGrnd/CheckerGrnd.mat
  artifactKey: Guid(7d1db5f180aba7e4baf6144258ee5c00) Importer(815301076,1909f56bfc062723c751e8b465ee728b)
Start importing Assets/Textures/CheckerGrnd/CheckerGrnd.mat using Guid(7d1db5f180aba7e4baf6144258ee5c00) Importer(815301076,1909f56bfc062723c751e8b465ee728b)  -> (artifact id: '883dfbb92d29c0f9b10769319a2233bb') in 0.019592 seconds 
========================================================================
Received Import Request.
  Time since last request: 30.763615 seconds.
  path: Assets/Textures/CheckerGrnd/DefaultMaterial_Base_color.png
  artifactKey: Guid(0540a168b1577ee4ba47df83c0910e9b) Importer(815301076,1909f56bfc062723c751e8b465ee728b)
Start importing Assets/Textures/CheckerGrnd/DefaultMaterial_Base_color.png using Guid(0540a168b1577ee4ba47df83c0910e9b) Importer(815301076,1909f56bfc062723c751e8b465ee728b)  -> (artifact id: '3a96420c0f78f7cb5cb96cbc5aee0902') in 0.017225 seconds 
========================================================================
Received Import Request.
  Time since last request: 0.011780 seconds.
  path: Assets/Textures/CheckerGrnd/DefaultMaterial_Metallic.png
  artifactKey: Guid(b0a9a824cb98b2a4b8c0f386c5abf1ff) Importer(815301076,1909f56bfc062723c751e8b465ee728b)
Start importing Assets/Textures/CheckerGrnd/DefaultMaterial_Metallic.png using Guid(b0a9a824cb98b2a4b8c0f386c5abf1ff) Importer(815301076,1909f56bfc062723c751e8b465ee728b)  -> (artifact id: '5e1cea153a0effa39919e51cfa437b7b') in 0.015791 seconds 
========================================================================
Received Import Request.
  Time since last request: 0.000024 seconds.
  path: Assets/Textures/CheckerGrnd/DefaultMaterial_Mixed_AO.png
  artifactKey: Guid(909b4867924595a45b27e32334255f30) Importer(815301076,1909f56bfc062723c751e8b465ee728b)
Start importing Assets/Textures/CheckerGrnd/DefaultMaterial_Mixed_AO.png using Guid(909b4867924595a45b27e32334255f30) Importer(815301076,1909f56bfc062723c751e8b465ee728b)  -> (artifact id: 'a2ce7aa2a4e4abf77869ac28eac8a986') in 0.011226 seconds 
========================================================================
Received Import Request.
  Time since last request: 0.000032 seconds.
  path: Assets/Textures/CheckerGrnd/DefaultMaterial_Normal_OpenGL.png
  artifactKey: Guid(e09a770108f431e40beb01fb31976b8d) Importer(815301076,1909f56bfc062723c751e8b465ee728b)
Start importing Assets/Textures/CheckerGrnd/DefaultMaterial_Normal_OpenGL.png using Guid(e09a770108f431e40beb01fb31976b8d) Importer(815301076,1909f56bfc062723c751e8b465ee728b)  -> (artifact id: '68f9c37a1ed6abb25ee78ed7810cb537') in 0.012185 seconds 
========================================================================
Received Import Request.
  Time since last request: 0.000023 seconds.
  path: Assets/Textures/CheckerGrnd/DefaultMaterial_Normal.png
  artifactKey: Guid(4c7bfa7e5e3970147ae3b2558d9e7d2b) Importer(815301076,1909f56bfc062723c751e8b465ee728b)
Start importing Assets/Textures/CheckerGrnd/DefaultMaterial_Normal.png using Guid(4c7bfa7e5e3970147ae3b2558d9e7d2b) Importer(815301076,1909f56bfc062723c751e8b465ee728b)  -> (artifact id: 'bd990b71efc0e7f5e66839a6ee1bb760') in 0.010463 seconds 
========================================================================
Received Import Request.
  Time since last request: 33.958286 seconds.
  path: Assets/Textures/CheckerGrnd/DefaultMaterial_Normal.png
  artifactKey: Guid(4c7bfa7e5e3970147ae3b2558d9e7d2b) Importer(815301076,1909f56bfc062723c751e8b465ee728b)
Start importing Assets/Textures/CheckerGrnd/DefaultMaterial_Normal.png using Guid(4c7bfa7e5e3970147ae3b2558d9e7d2b) Importer(815301076,1909f56bfc062723c751e8b465ee728b)  -> (artifact id: '06b65ee65230e4fa356a1cfaf77f1b30') in 0.016264 seconds 
========================================================================
Received Import Request.
  Time since last request: 8.456527 seconds.
  path: Assets/Textures/CheckerGrnd/DefaultMaterial_Normal_OpenGL.png
  artifactKey: Guid(e09a770108f431e40beb01fb31976b8d) Importer(815301076,1909f56bfc062723c751e8b465ee728b)
Start importing Assets/Textures/CheckerGrnd/DefaultMaterial_Normal_OpenGL.png using Guid(e09a770108f431e40beb01fb31976b8d) Importer(815301076,1909f56bfc062723c751e8b465ee728b)  -> (artifact id: '533a32a9765a665b864d51af359a9497') in 0.010029 seconds 
========================================================================
Received Import Request.
  Time since last request: 39.657271 seconds.
  path: Assets/Prefabs/Modular/BasicFloor.prefab
  artifactKey: Guid(6552551dc09708c48a941f9fa33ab198) Importer(815301076,1909f56bfc062723c751e8b465ee728b)
Start importing Assets/Prefabs/Modular/BasicFloor.prefab using Guid(6552551dc09708c48a941f9fa33ab198) Importer(815301076,1909f56bfc062723c751e8b465ee728b)  -> (artifact id: 'bea37e1ac92925ec1d52fe0b1db7aacb') in 0.032213 seconds 
========================================================================
Received Import Request.
  Time since last request: 0.000020 seconds.
  path: Assets/Prefabs/Modular/TrimV1.prefab
  artifactKey: Guid(4203f3b3d6742f3459a79735a85ed1e8) Importer(815301076,1909f56bfc062723c751e8b465ee728b)
Start importing Assets/Prefabs/Modular/TrimV1.prefab using Guid(4203f3b3d6742f3459a79735a85ed1e8) Importer(815301076,1909f56bfc062723c751e8b465ee728b)  -> (artifact id: '22bed4cc95fcb3a531377444a4b94c42') in 0.032470 seconds 
========================================================================
Received Import Request.
  Time since last request: 0.000050 seconds.
  path: Assets/Prefabs/Modular/WallV2.prefab
  artifactKey: Guid(6d486be198d73064fbec0f3a6d795096) Importer(815301076,1909f56bfc062723c751e8b465ee728b)
Start importing Assets/Prefabs/Modular/WallV2.prefab using Guid(6d486be198d73064fbec0f3a6d795096) Importer(815301076,1909f56bfc062723c751e8b465ee728b)  -> (artifact id: 'ba6e54303110ffad3a84ce85fd1c5a73') in 0.029653 seconds 
========================================================================
Received Import Request.
  Time since last request: 0.000067 seconds.
  path: Assets/Prefabs/Modular/WallV1.prefab
  artifactKey: Guid(48a420d926614ae42a73dda271cb11d7) Importer(815301076,1909f56bfc062723c751e8b465ee728b)
Start importing Assets/Prefabs/Modular/WallV1.prefab using Guid(48a420d926614ae42a73dda271cb11d7) Importer(815301076,1909f56bfc062723c751e8b465ee728b)  -> (artifact id: 'd3800989d4a1ac032cd24479732fe518') in 0.027299 seconds 
========================================================================
Received Import Request.
  Time since last request: 0.000018 seconds.
  path: Assets/Prefabs/Modular/BlankWall1x3.prefab
  artifactKey: Guid(bbfd46e9c57f06d469b2a8595e34b2ac) Importer(815301076,1909f56bfc062723c751e8b465ee728b)
Start importing Assets/Prefabs/Modular/BlankWall1x3.prefab using Guid(bbfd46e9c57f06d469b2a8595e34b2ac) Importer(815301076,1909f56bfc062723c751e8b465ee728b)  -> (artifact id: '2176ca7063112ed8be51c0b4c4e3623d') in 0.031351 seconds 
========================================================================
Received Import Request.
  Time since last request: 0.000020 seconds.
  path: Assets/Prefabs/Modular/BlankWall1x2.prefab
  artifactKey: Guid(675865b200fd09643adcbd90322f3e7f) Importer(815301076,1909f56bfc062723c751e8b465ee728b)
Start importing Assets/Prefabs/Modular/BlankWall1x2.prefab using Guid(675865b200fd09643adcbd90322f3e7f) Importer(815301076,1909f56bfc062723c751e8b465ee728b)  -> (artifact id: '61103b06d79f18596f25e9200464c468') in 0.037673 seconds 
========================================================================
Received Import Request.
  Time since last request: 0.000019 seconds.
  path: Assets/Prefabs/Modular/Pillar.prefab
  artifactKey: Guid(3826c7da13b8e6b428528d37fdd7059c) Importer(815301076,1909f56bfc062723c751e8b465ee728b)
Start importing Assets/Prefabs/Modular/Pillar.prefab using Guid(3826c7da13b8e6b428528d37fdd7059c) Importer(815301076,1909f56bfc062723c751e8b465ee728b)  -> (artifact id: '5d42e1a77ef22b9afd752acdc8e7087b') in 0.023551 seconds 
========================================================================
Received Import Request.
  Time since last request: 0.000019 seconds.
  path: Assets/Prefabs/Modular/BlankWall1x1.prefab
  artifactKey: Guid(65d3646abdf060f47a0df84522e348e6) Importer(815301076,1909f56bfc062723c751e8b465ee728b)
Start importing Assets/Prefabs/Modular/BlankWall1x1.prefab using Guid(65d3646abdf060f47a0df84522e348e6) Importer(815301076,1909f56bfc062723c751e8b465ee728b)  -> (artifact id: 'dc074c5d9c38352d7e2b79f7d3f95abf') in 0.022858 seconds 
========================================================================
Received Import Request.
  Time since last request: 6.290848 seconds.
  path: Assets/Prefabs/Modular/OutdoorWallV1.prefab
  artifactKey: Guid(18240b3ceb003d449bd30335e4bf08f4) Importer(815301076,1909f56bfc062723c751e8b465ee728b)
Start importing Assets/Prefabs/Modular/OutdoorWallV1.prefab using Guid(18240b3ceb003d449bd30335e4bf08f4) Importer(815301076,1909f56bfc062723c751e8b465ee728b)  -> (artifact id: '373ad18b6dfd03c76380508599ca7aeb') in 0.029180 seconds 
========================================================================
Received Import Request.
  Time since last request: 5.226486 seconds.
  path: Assets/Prefabs/Modular/CheckerGround.prefab
  artifactKey: Guid(5d8eb04ade5c01e48a10881419a80239) Importer(815301076,1909f56bfc062723c751e8b465ee728b)
Start importing Assets/Prefabs/Modular/CheckerGround.prefab using Guid(5d8eb04ade5c01e48a10881419a80239) Importer(815301076,1909f56bfc062723c751e8b465ee728b)  -> (artifact id: '34efec9aee0b977853c0888af1c5e2d9') in 0.008622 seconds 
========================================================================
Received Import Request.
  Time since last request: 12.049913 seconds.
  path: Assets/Prefabs/Modular/CheckerGround.prefab
  artifactKey: Guid(5d8eb04ade5c01e48a10881419a80239) Importer(815301076,1909f56bfc062723c751e8b465ee728b)
Start importing Assets/Prefabs/Modular/CheckerGround.prefab using Guid(5d8eb04ade5c01e48a10881419a80239) Importer(815301076,1909f56bfc062723c751e8b465ee728b)  -> (artifact id: 'e3c0200d5e6f29e8c6bf44b8d9e8536c') in 0.023255 seconds 
========================================================================
Received Import Request.
  Time since last request: 429.128879 seconds.
  path: Assets/Models/TexturedModels/OutdoorGround.fbx
  artifactKey: Guid(3cd19133aa21c0f48a3c4d8e094dab66) Importer(815301076,1909f56bfc062723c751e8b465ee728b)
Start importing Assets/Models/TexturedModels/OutdoorGround.fbx using Guid(3cd19133aa21c0f48a3c4d8e094dab66) Importer(815301076,1909f56bfc062723c751e8b465ee728b)  -> (artifact id: '1f85275110f38519615686c38dd6cfc6') in 0.014006 seconds 
========================================================================
Received Import Request.
  Time since last request: 49.521815 seconds.
  path: Assets/Textures/OutdoorGround
  artifactKey: Guid(e91be8bfe29bb6d4ebfbf2878c104a91) Importer(815301076,1909f56bfc062723c751e8b465ee728b)
Start importing Assets/Textures/OutdoorGround using Guid(e91be8bfe29bb6d4ebfbf2878c104a91) Importer(815301076,1909f56bfc062723c751e8b465ee728b)  -> (artifact id: '1a2ca9bb3ea3460e5dbc2945cceed27c') in 0.002327 seconds 
========================================================================
Received Import Request.
  Time since last request: 6.991759 seconds.
  path: Assets/Textures/OutdoorGround/V1
  artifactKey: Guid(0788b3f06ec197244b8bb4c1679e698a) Importer(815301076,1909f56bfc062723c751e8b465ee728b)
Start importing Assets/Textures/OutdoorGround/V1 using Guid(0788b3f06ec197244b8bb4c1679e698a) Importer(815301076,1909f56bfc062723c751e8b465ee728b)  -> (artifact id: '8ed5595a597dbc4119f9a2e6cc73865a') in 0.002780 seconds 
========================================================================
Received Import Request.
  Time since last request: 5.367416 seconds.
  path: Assets/Textures/OutdoorGround/V2
  artifactKey: Guid(52dc5cdeba083554fb13a3161f1bda9c) Importer(815301076,1909f56bfc062723c751e8b465ee728b)
Start importing Assets/Textures/OutdoorGround/V2 using Guid(52dc5cdeba083554fb13a3161f1bda9c) Importer(815301076,1909f56bfc062723c751e8b465ee728b)  -> (artifact id: '5fc826000279c52ca4e48a785c013232') in 0.002464 seconds 
========================================================================
Received Import Request.
  Time since last request: 4.676103 seconds.
  path: Assets/Textures/OutdoorGround/V3
  artifactKey: Guid(6f0011ae89604214fbed853fdc670341) Importer(815301076,1909f56bfc062723c751e8b465ee728b)
Start importing Assets/Textures/OutdoorGround/V3 using Guid(6f0011ae89604214fbed853fdc670341) Importer(815301076,1909f56bfc062723c751e8b465ee728b)  -> (artifact id: 'cbb02a49b8d5bd71ac67ad3337492112') in 0.002322 seconds 
========================================================================
Received Import Request.
  Time since last request: 5.735022 seconds.
  path: Assets/Textures/OutdoorGround/V4
  artifactKey: Guid(d873c7ce426a2694a84212778e70de17) Importer(815301076,1909f56bfc062723c751e8b465ee728b)
Start importing Assets/Textures/OutdoorGround/V4 using Guid(d873c7ce426a2694a84212778e70de17) Importer(815301076,1909f56bfc062723c751e8b465ee728b)  -> (artifact id: 'f8ee3d2d47180ade9bf93ad618afaa12') in 0.002120 seconds 
========================================================================
Received Import Request.
  Time since last request: 18.326641 seconds.
  path: Assets/Textures/OutdoorGround/V1/OutdoorGroundV1.mat
  artifactKey: Guid(8fb9951eb7ec50e4eb1e972d81ffefbb) Importer(815301076,1909f56bfc062723c751e8b465ee728b)
Start importing Assets/Textures/OutdoorGround/V1/OutdoorGroundV1.mat using Guid(8fb9951eb7ec50e4eb1e972d81ffefbb) Importer(815301076,1909f56bfc062723c751e8b465ee728b)  -> (artifact id: 'abffe5bdfc655cafa301f09fc851ecc2') in 0.009075 seconds 
========================================================================
Received Import Request.
  Time since last request: 17.392061 seconds.
  path: Assets/Textures/OutdoorGround/V1/DefaultMaterial_Base_color.png
  artifactKey: Guid(feeb9a230d152414eb5274baa3ed0bd3) Importer(815301076,1909f56bfc062723c751e8b465ee728b)
Start importing Assets/Textures/OutdoorGround/V1/DefaultMaterial_Base_color.png using Guid(feeb9a230d152414eb5274baa3ed0bd3) Importer(815301076,1909f56bfc062723c751e8b465ee728b)  -> (artifact id: '164b417e075d174e87096ec174aa9822') in 0.013586 seconds 
========================================================================
Received Import Request.
  Time since last request: 0.000053 seconds.
  path: Assets/Textures/OutdoorGround/V1/DefaultMaterial_Metallic.png
  artifactKey: Guid(0817f85dd8b5e534883962e8ff313d93) Importer(815301076,1909f56bfc062723c751e8b465ee728b)
Start importing Assets/Textures/OutdoorGround/V1/DefaultMaterial_Metallic.png using Guid(0817f85dd8b5e534883962e8ff313d93) Importer(815301076,1909f56bfc062723c751e8b465ee728b)  -> (artifact id: 'a494de9a685ecd8e02e62eee13515cc3') in 0.017053 seconds 
========================================================================
Received Import Request.
  Time since last request: 0.000022 seconds.
  path: Assets/Textures/OutdoorGround/V1/DefaultMaterial_Roughness.png
  artifactKey: Guid(848883a2159904b47adf623475ffb0d4) Importer(815301076,1909f56bfc062723c751e8b465ee728b)
Start importing Assets/Textures/OutdoorGround/V1/DefaultMaterial_Roughness.png using Guid(848883a2159904b47adf623475ffb0d4) Importer(815301076,1909f56bfc062723c751e8b465ee728b)  -> (artifact id: 'e99c06d4efccc57d90c420722fa29e9e') in 0.009322 seconds 
========================================================================
Received Import Request.
  Time since last request: 0.000017 seconds.
  path: Assets/Textures/OutdoorGround/V1/DefaultMaterial_Mixed_AO.png
  artifactKey: Guid(643693cf947d32243a99c8f252f24104) Importer(815301076,1909f56bfc062723c751e8b465ee728b)
Start importing Assets/Textures/OutdoorGround/V1/DefaultMaterial_Mixed_AO.png using Guid(643693cf947d32243a99c8f252f24104) Importer(815301076,1909f56bfc062723c751e8b465ee728b)  -> (artifact id: '76c0a411aec868115e2478a94ebaea28') in 0.009165 seconds 
========================================================================
Received Import Request.
  Time since last request: 0.000020 seconds.
  path: Assets/Textures/OutdoorGround/V1/DefaultMaterial_Normal_OpenGL.png
  artifactKey: Guid(d3642facf87ae4845aa83502cf569ebe) Importer(815301076,1909f56bfc062723c751e8b465ee728b)
Start importing Assets/Textures/OutdoorGround/V1/DefaultMaterial_Normal_OpenGL.png using Guid(d3642facf87ae4845aa83502cf569ebe) Importer(815301076,1909f56bfc062723c751e8b465ee728b)  -> (artifact id: '4b7614205a2e97b484807bb7f9b9b611') in 0.008654 seconds 
========================================================================
Received Import Request.
  Time since last request: 26.466263 seconds.
  path: Assets/Textures/OutdoorGround/V1/DefaultMaterial_Normal_OpenGL.png
  artifactKey: Guid(d3642facf87ae4845aa83502cf569ebe) Importer(815301076,1909f56bfc062723c751e8b465ee728b)
Start importing Assets/Textures/OutdoorGround/V1/DefaultMaterial_Normal_OpenGL.png using Guid(d3642facf87ae4845aa83502cf569ebe) Importer(815301076,1909f56bfc062723c751e8b465ee728b)  -> (artifact id: 'f268fa3ff7066ce341b6c50b22b5d0da') in 0.010027 seconds 
========================================================================
Received Import Request.
  Time since last request: 58.905626 seconds.
  path: Assets/Prefabs/Modular/OutdoorGroundV1.prefab
  artifactKey: Guid(696abd96ea5b84945a4ea7c572e4fcea) Importer(815301076,1909f56bfc062723c751e8b465ee728b)
Start importing Assets/Prefabs/Modular/OutdoorGroundV1.prefab using Guid(696abd96ea5b84945a4ea7c572e4fcea) Importer(815301076,1909f56bfc062723c751e8b465ee728b)  -> (artifact id: '4b28d301a6888bd667905df9302bbe68') in 0.012570 seconds 
========================================================================
Received Import Request.
  Time since last request: 15.807937 seconds.
  path: Assets/Textures/OutdoorGround/V2/New Folder
  artifactKey: Guid(f5e027b38d7667a45888a26d8350e6f3) Importer(815301076,1909f56bfc062723c751e8b465ee728b)
Start importing Assets/Textures/OutdoorGround/V2/New Folder using Guid(f5e027b38d7667a45888a26d8350e6f3) Importer(815301076,1909f56bfc062723c751e8b465ee728b)  -> (artifact id: '6d164a760f7db5b6c11db30a24e6daa2') in 0.002749 seconds 
========================================================================
Received Import Request.
  Time since last request: 12.353555 seconds.
  path: Assets/Textures/OutdoorGround/V2/OutdoorGroundV2.mat
  artifactKey: Guid(b9309c8b935cbe849828eb7443a93ed8) Importer(815301076,1909f56bfc062723c751e8b465ee728b)
Start importing Assets/Textures/OutdoorGround/V2/OutdoorGroundV2.mat using Guid(b9309c8b935cbe849828eb7443a93ed8) Importer(815301076,1909f56bfc062723c751e8b465ee728b)  -> (artifact id: 'cc9cce79b894ad1917e88c85c2103676') in 0.012368 seconds 
========================================================================
Received Import Request.
  Time since last request: 10.462775 seconds.
  path: Assets/Textures/OutdoorGround/V2/DefaultMaterial_Base_color.png
  artifactKey: Guid(5d8057d36cdacc443a25728f5005c7e7) Importer(815301076,1909f56bfc062723c751e8b465ee728b)
Start importing Assets/Textures/OutdoorGround/V2/DefaultMaterial_Base_color.png using Guid(5d8057d36cdacc443a25728f5005c7e7) Importer(815301076,1909f56bfc062723c751e8b465ee728b)  -> (artifact id: '624dba16aa3ae4e9dca2d36e241e8922') in 0.010895 seconds 
========================================================================
Received Import Request.
  Time since last request: 0.000024 seconds.
  path: Assets/Textures/OutdoorGround/V2/DefaultMaterial_Normal_OpenGL.png
  artifactKey: Guid(1fb6ee9cbc16bc24a85b91216e397632) Importer(815301076,1909f56bfc062723c751e8b465ee728b)
Start importing Assets/Textures/OutdoorGround/V2/DefaultMaterial_Normal_OpenGL.png using Guid(1fb6ee9cbc16bc24a85b91216e397632) Importer(815301076,1909f56bfc062723c751e8b465ee728b)  -> (artifact id: 'fbf70da7d4935ed0469067f4bedf57e1') in 0.014844 seconds 
========================================================================
Received Import Request.
  Time since last request: 0.000019 seconds.
  path: Assets/Textures/OutdoorGround/V2/DefaultMaterial_Mixed_AO.png
  artifactKey: Guid(3f6130ed10f10544cb4b8f40f8760d38) Importer(815301076,1909f56bfc062723c751e8b465ee728b)
Start importing Assets/Textures/OutdoorGround/V2/DefaultMaterial_Mixed_AO.png using Guid(3f6130ed10f10544cb4b8f40f8760d38) Importer(815301076,1909f56bfc062723c751e8b465ee728b)  -> (artifact id: 'c670dc5471342db9b61cc54d3fa8a1e1') in 0.008724 seconds 
========================================================================
Received Import Request.
  Time since last request: 0.000017 seconds.
  path: Assets/Textures/OutdoorGround/V2/DefaultMaterial_Metallic.png
  artifactKey: Guid(221ac3ace4821394f8fd1e8f01158458) Importer(815301076,1909f56bfc062723c751e8b465ee728b)
Start importing Assets/Textures/OutdoorGround/V2/DefaultMaterial_Metallic.png using Guid(221ac3ace4821394f8fd1e8f01158458) Importer(815301076,1909f56bfc062723c751e8b465ee728b)  -> (artifact id: '018eeac49a3ff0170c1956c5b5dc4a29') in 0.008430 seconds 
========================================================================
Received Import Request.
  Time since last request: 13.607394 seconds.
  path: Assets/Textures/OutdoorGround/V2/DefaultMaterial_Normal_OpenGL.png
  artifactKey: Guid(1fb6ee9cbc16bc24a85b91216e397632) Importer(815301076,1909f56bfc062723c751e8b465ee728b)
Start importing Assets/Textures/OutdoorGround/V2/DefaultMaterial_Normal_OpenGL.png using Guid(1fb6ee9cbc16bc24a85b91216e397632) Importer(815301076,1909f56bfc062723c751e8b465ee728b)  -> (artifact id: '61fb91269d73f2c10e42e2a9127201c7') in 0.010961 seconds 
========================================================================
Received Import Request.
  Time since last request: 204.298982 seconds.
  path: Assets/Prefabs/Modular/OutdoorGroundV2.prefab
  artifactKey: Guid(452892cb35ce46445b8bd730ed5bf4d0) Importer(815301076,1909f56bfc062723c751e8b465ee728b)
Start importing Assets/Prefabs/Modular/OutdoorGroundV2.prefab using Guid(452892cb35ce46445b8bd730ed5bf4d0) Importer(815301076,1909f56bfc062723c751e8b465ee728b)  -> (artifact id: '4943f2ec25ee0c264f8fcb9e5948c3d8') in 0.009822 seconds 
========================================================================
Received Import Request.
  Time since last request: 22.438588 seconds.
  path: Assets/Textures/OutdoorGround/V3/DefaultMaterial_Base_color.png
  artifactKey: Guid(3e15e3762e275b747b71c42993c855c1) Importer(815301076,1909f56bfc062723c751e8b465ee728b)
Start importing Assets/Textures/OutdoorGround/V3/DefaultMaterial_Base_color.png using Guid(3e15e3762e275b747b71c42993c855c1) Importer(815301076,1909f56bfc062723c751e8b465ee728b)  -> (artifact id: '907d7fdfd572907eaaf78aedee44933a') in 0.013662 seconds 
========================================================================
Received Import Request.
  Time since last request: 0.000020 seconds.
  path: Assets/Textures/OutdoorGround/V3/DefaultMaterial_Mixed_AO.png
  artifactKey: Guid(c84a1bc639179c64989621354ac4869a) Importer(815301076,1909f56bfc062723c751e8b465ee728b)
Start importing Assets/Textures/OutdoorGround/V3/DefaultMaterial_Mixed_AO.png using Guid(c84a1bc639179c64989621354ac4869a) Importer(815301076,1909f56bfc062723c751e8b465ee728b)  -> (artifact id: '885372d3dd9c5278f0dd1e42c4f2bf21') in 0.011665 seconds 
========================================================================
Received Import Request.
  Time since last request: 0.000019 seconds.
  path: Assets/Textures/OutdoorGround/V3/DefaultMaterial_Normal_OpenGL.png
  artifactKey: Guid(4c31ca3e0cf83e941b74e9140ea29bbb) Importer(815301076,1909f56bfc062723c751e8b465ee728b)
Start importing Assets/Textures/OutdoorGround/V3/DefaultMaterial_Normal_OpenGL.png using Guid(4c31ca3e0cf83e941b74e9140ea29bbb) Importer(815301076,1909f56bfc062723c751e8b465ee728b)  -> (artifact id: '81b96fef4eea99f0268cf0ba45481e2e') in 0.009999 seconds 
========================================================================
Received Import Request.
  Time since last request: 0.000021 seconds.
  path: Assets/Textures/OutdoorGround/V3/DefaultMaterial_Metallic.png
  artifactKey: Guid(8c3cec48d84bf0b43ada45ba6ad36c77) Importer(815301076,1909f56bfc062723c751e8b465ee728b)
Start importing Assets/Textures/OutdoorGround/V3/DefaultMaterial_Metallic.png using Guid(8c3cec48d84bf0b43ada45ba6ad36c77) Importer(815301076,1909f56bfc062723c751e8b465ee728b)  -> (artifact id: '6138c2f78f082e1791a3e562f075b139') in 0.013566 seconds 
========================================================================
Received Import Request.
  Time since last request: 9.410236 seconds.
  path: Assets/Textures/OutdoorGround/V3/OutdoorGroundV3.mat
  artifactKey: Guid(24f699fd46533d542ad11f8d2d769033) Importer(815301076,1909f56bfc062723c751e8b465ee728b)
Start importing Assets/Textures/OutdoorGround/V3/OutdoorGroundV3.mat using Guid(24f699fd46533d542ad11f8d2d769033) Importer(815301076,1909f56bfc062723c751e8b465ee728b)  -> (artifact id: 'c3566ccdc996d4da83ff3170a8685e68') in 0.012559 seconds 
========================================================================
Received Import Request.
  Time since last request: 13.386325 seconds.
  path: Assets/Textures/OutdoorGround/V3/DefaultMaterial_Normal_OpenGL.png
  artifactKey: Guid(4c31ca3e0cf83e941b74e9140ea29bbb) Importer(815301076,1909f56bfc062723c751e8b465ee728b)
Start importing Assets/Textures/OutdoorGround/V3/DefaultMaterial_Normal_OpenGL.png using Guid(4c31ca3e0cf83e941b74e9140ea29bbb) Importer(815301076,1909f56bfc062723c751e8b465ee728b)  -> (artifact id: 'c720e57e54ee3fbf54efb8b72f9f6186') in 0.011840 seconds 
========================================================================
Received Import Request.
  Time since last request: 15.177995 seconds.
  path: Assets/Textures/OutdoorGround/V4/OutdoorGroundV4.mat
  artifactKey: Guid(1d61db574c6f9a2478ab72c4e82f790f) Importer(815301076,1909f56bfc062723c751e8b465ee728b)
Start importing Assets/Textures/OutdoorGround/V4/OutdoorGroundV4.mat using Guid(1d61db574c6f9a2478ab72c4e82f790f) Importer(815301076,1909f56bfc062723c751e8b465ee728b)  -> (artifact id: '2c1f540831dd5d755bab2f7d23a30f25') in 0.015205 seconds 
========================================================================
Received Import Request.
  Time since last request: 9.775644 seconds.
  path: Assets/Textures/OutdoorGround/V4/DefaultMaterial_Base_color.png
  artifactKey: Guid(4dbf502cf42312a42affdf0145675faf) Importer(815301076,1909f56bfc062723c751e8b465ee728b)
Start importing Assets/Textures/OutdoorGround/V4/DefaultMaterial_Base_color.png using Guid(4dbf502cf42312a42affdf0145675faf) Importer(815301076,1909f56bfc062723c751e8b465ee728b)  -> (artifact id: 'af2fb16707e83aabe235899fa2d21c79') in 0.020976 seconds 
========================================================================
Received Import Request.
  Time since last request: 0.000030 seconds.
  path: Assets/Textures/OutdoorGround/V4/DefaultMaterial_Mixed_AO.png
  artifactKey: Guid(af6102097f540b74a8525aaea9c0bfe9) Importer(815301076,1909f56bfc062723c751e8b465ee728b)
Start importing Assets/Textures/OutdoorGround/V4/DefaultMaterial_Mixed_AO.png using Guid(af6102097f540b74a8525aaea9c0bfe9) Importer(815301076,1909f56bfc062723c751e8b465ee728b)  -> (artifact id: '626ca60f6ddf8263b018413b8b9ee501') in 0.010508 seconds 
========================================================================
Received Import Request.
  Time since last request: 13.694999 seconds.
  path: Assets/Textures/OutdoorGround/V4/DefaultMaterial_Normal_OpenGL.png
  artifactKey: Guid(3ec519c13783dfa4ea291d282839e094) Importer(815301076,1909f56bfc062723c751e8b465ee728b)
Start importing Assets/Textures/OutdoorGround/V4/DefaultMaterial_Normal_OpenGL.png using Guid(3ec519c13783dfa4ea291d282839e094) Importer(815301076,1909f56bfc062723c751e8b465ee728b)  -> (artifact id: '754eb2209b60ccc10321486ab6fe3beb') in 0.012798 seconds 
========================================================================
Received Import Request.
  Time since last request: 84.889060 seconds.
  path: Assets/Prefabs/Modular/OutdoorGroundV3.prefab
  artifactKey: Guid(356ac4502cda7a7469d2448c8a76515c) Importer(815301076,1909f56bfc062723c751e8b465ee728b)
Start importing Assets/Prefabs/Modular/OutdoorGroundV3.prefab using Guid(356ac4502cda7a7469d2448c8a76515c) Importer(815301076,1909f56bfc062723c751e8b465ee728b)  -> (artifact id: '0b775d32ddde33c25fac8d68da06ab56') in 0.009720 seconds 
========================================================================
Received Import Request.
  Time since last request: 3.069549 seconds.
  path: Assets/Prefabs/Modular/OutdoorGroundV4.prefab
  artifactKey: Guid(ad1ec57565221474fadad51fffdf7aab) Importer(815301076,1909f56bfc062723c751e8b465ee728b)
Start importing Assets/Prefabs/Modular/OutdoorGroundV4.prefab using Guid(ad1ec57565221474fadad51fffdf7aab) Importer(815301076,1909f56bfc062723c751e8b465ee728b)  -> (artifact id: '2b38f277f8b06122a2a56688c1f67298') in 0.009791 seconds 
========================================================================
Received Import Request.
  Time since last request: 80.579620 seconds.
  path: Assets/Prefabs/Modular/OutdoorGroundV1.prefab
  artifactKey: Guid(696abd96ea5b84945a4ea7c572e4fcea) Importer(815301076,1909f56bfc062723c751e8b465ee728b)
Start importing Assets/Prefabs/Modular/OutdoorGroundV1.prefab using Guid(696abd96ea5b84945a4ea7c572e4fcea) Importer(815301076,1909f56bfc062723c751e8b465ee728b)  -> (artifact id: 'be64591ce9cbadb55496575ede5a6317') in 0.021865 seconds 
========================================================================
Received Import Request.
  Time since last request: 0.000018 seconds.
  path: Assets/Prefabs/Modular/OutdoorGroundV4.prefab
  artifactKey: Guid(ad1ec57565221474fadad51fffdf7aab) Importer(815301076,1909f56bfc062723c751e8b465ee728b)
Start importing Assets/Prefabs/Modular/OutdoorGroundV4.prefab using Guid(ad1ec57565221474fadad51fffdf7aab) Importer(815301076,1909f56bfc062723c751e8b465ee728b)  -> (artifact id: '52ebdb987ea92fc9f0428fce66e553af') in 0.025780 seconds 
========================================================================
Received Import Request.
  Time since last request: 0.000021 seconds.
  path: Assets/Prefabs/Modular/OutdoorGroundV3.prefab
  artifactKey: Guid(356ac4502cda7a7469d2448c8a76515c) Importer(815301076,1909f56bfc062723c751e8b465ee728b)
Start importing Assets/Prefabs/Modular/OutdoorGroundV3.prefab using Guid(356ac4502cda7a7469d2448c8a76515c) Importer(815301076,1909f56bfc062723c751e8b465ee728b)  -> (artifact id: '281ecbc50f2fa626523948edc89d60b0') in 0.026341 seconds 
