Using pre-set license
Built from '2021.3/staging' branch; Version is '2021.3.15f1 (e8e88683f834) revision 15263878'; Using compiler version '192829333'; Build Type 'Release'
OS: 'Windows 10  (10.0.19045) 64bit Enterprise' Language: 'en' Physical Memory: 65175 MB
BatchMode: 1, IsHumanControllingUs: 0, StartBugReporterOnCrash: 0, Is64bit: 1, IsPro: 1

COMMAND LINE ARGUMENTS:
C:\Program Files\Unity\Hub\Editor\2021.3.15f1\Editor\Unity.exe
-adb2
-batchMode
-noUpm
-name
AssetImportWorker2
-projectPath
C:/Users/novakowa/Documents/GitHub/Automaton/Automaton
-logFile
Logs/AssetImportWorker2.log
-srvPort
55626
Successfully changed project path to: C:/Users/novakowa/Documents/GitHub/Automaton/Automaton
C:/Users/novakowa/Documents/GitHub/Automaton/Automaton
[UnityMemory] Configuration Parameters - Can be set up in boot.config
    "memorysetup-bucket-allocator-granularity=16"
    "memorysetup-bucket-allocator-bucket-count=8"
    "memorysetup-bucket-allocator-block-size=33554432"
    "memorysetup-bucket-allocator-block-count=8"
    "memorysetup-main-allocator-block-size=16777216"
    "memorysetup-thread-allocator-block-size=16777216"
    "memorysetup-gfx-main-allocator-block-size=16777216"
    "memorysetup-gfx-thread-allocator-block-size=16777216"
    "memorysetup-cache-allocator-block-size=4194304"
    "memorysetup-typetree-allocator-block-size=2097152"
    "memorysetup-profiler-bucket-allocator-granularity=16"
    "memorysetup-profiler-bucket-allocator-bucket-count=8"
    "memorysetup-profiler-bucket-allocator-block-size=33554432"
    "memorysetup-profiler-bucket-allocator-block-count=8"
    "memorysetup-profiler-allocator-block-size=16777216"
    "memorysetup-profiler-editor-allocator-block-size=1048576"
    "memorysetup-temp-allocator-size-main=16777216"
    "memorysetup-job-temp-allocator-block-size=2097152"
    "memorysetup-job-temp-allocator-block-size-background=1048576"
    "memorysetup-job-temp-allocator-reduction-small-platforms=262144"
    "memorysetup-temp-allocator-size-background-worker=32768"
    "memorysetup-temp-allocator-size-job-worker=262144"
    "memorysetup-temp-allocator-size-preload-manager=33554432"
    "memorysetup-temp-allocator-size-nav-mesh-worker=65536"
    "memorysetup-temp-allocator-size-audio-worker=65536"
    "memorysetup-temp-allocator-size-cloud-worker=32768"
    "memorysetup-temp-allocator-size-gi-baking-worker=262144"
    "memorysetup-temp-allocator-size-gfx=262144"
Player connection [26868] Host "[IP] 142.55.121.25 [Port] 0 [Flags] 2 [Guid] 2327736178 [EditorId] 2327736178 [Version] 1048832 [Id] WindowsEditor(7,oa-g403-14) [Debug] 1 [PackageName] WindowsEditor [ProjectName] Editor" joined multi-casting on [225.0.0.222:54997]...

Player connection [26868] Host "[IP] 142.55.121.25 [Port] 0 [Flags] 2 [Guid] 2327736178 [EditorId] 2327736178 [Version] 1048832 [Id] WindowsEditor(7,oa-g403-14) [Debug] 1 [PackageName] WindowsEditor [ProjectName] Editor" joined alternative multi-casting on [225.0.0.222:34997]...

Refreshing native plugins compatible for Editor in 68.60 ms, found 3 plugins.
Preloading 0 native plugins for Editor in 0.00 ms.
Initialize engine version: 2021.3.15f1 (e8e88683f834)
[Subsystems] Discovering subsystems at path C:/Program Files/Unity/Hub/Editor/2021.3.15f1/Editor/Data/Resources/UnitySubsystems
[Subsystems] Discovering subsystems at path C:/Users/novakowa/Documents/GitHub/Automaton/Automaton/Assets
GfxDevice: creating device client; threaded=0; jobified=0
Direct3D:
    Version:  Direct3D 11.0 [level 11.1]
    Renderer: NVIDIA GeForce RTX 3090 (ID=0x2204)
    Vendor:   NVIDIA
    VRAM:     24340 MB
    Driver:   31.0.15.3640
Initialize mono
Mono path[0] = 'C:/Program Files/Unity/Hub/Editor/2021.3.15f1/Editor/Data/Managed'
Mono path[1] = 'C:/Program Files/Unity/Hub/Editor/2021.3.15f1/Editor/Data/MonoBleedingEdge/lib/mono/unityjit-win32'
Mono config path = 'C:/Program Files/Unity/Hub/Editor/2021.3.15f1/Editor/Data/MonoBleedingEdge/etc'
Using monoOptions --debugger-agent=transport=dt_socket,embedding=1,server=y,suspend=n,address=127.0.0.1:56300
Begin MonoManager ReloadAssembly
Registering precompiled unity dll's ...
Register platform support module: C:/Program Files/Unity/Hub/Editor/2021.3.15f1/Editor/Data/PlaybackEngines/WindowsStandaloneSupport/UnityEditor.WindowsStandalone.Extensions.dll
Registered in 0.005432 seconds.
Native extension for WindowsStandalone target not found
Refreshing native plugins compatible for Editor in 67.72 ms, found 3 plugins.
Preloading 0 native plugins for Editor in 0.00 ms.
Mono: successfully reloaded assembly
- Completed reload, in  0.516 seconds
Domain Reload Profiling:
	ReloadAssembly (517ms)
		BeginReloadAssembly (61ms)
			ExecutionOrderSort (0ms)
			DisableScriptedObjects (0ms)
			BackupInstance (0ms)
			ReleaseScriptingObjects (0ms)
			CreateAndSetChildDomain (1ms)
		EndReloadAssembly (366ms)
			LoadAssemblies (59ms)
			RebuildTransferFunctionScriptingTraits (0ms)
			SetupTypeCache (83ms)
			ReleaseScriptCaches (0ms)
			RebuildScriptCaches (20ms)
			SetupLoadedEditorAssemblies (223ms)
				LogAssemblyErrors (0ms)
				InitializePlatformSupportModulesInManaged (6ms)
				SetLoadedEditorAssemblies (0ms)
				RefreshPlugins (68ms)
				BeforeProcessingInitializeOnLoad (1ms)
				ProcessInitializeOnLoadAttributes (111ms)
				ProcessInitializeOnLoadMethodAttributes (36ms)
				AfterProcessingInitializeOnLoad (0ms)
				EditorAssembliesLoaded (0ms)
			ExecutionOrderSort2 (0ms)
			AwakeInstancesAfterBackupRestoration (0ms)
Platform modules already initialized, skipping
Registering precompiled user dll's ...
Registered in 0.005546 seconds.
Begin MonoManager ReloadAssembly
Symbol file LoadedFromMemory doesn't match image C:\Users\novakowa\Documents\GitHub\Automaton\Automaton\Library\PackageCache\com.unity.visualscripting@1.7.8\Editor\VisualScripting.Core\Dependencies\YamlDotNet\Unity.VisualScripting.YamlDotNet.dll
Symbol file LoadedFromMemory doesn't match image C:\Users\novakowa\Documents\GitHub\Automaton\Automaton\Library\PackageCache\com.unity.visualscripting@1.7.8\Editor\VisualScripting.Core\Dependencies\DotNetZip\Unity.VisualScripting.IonicZip.dll
Native extension for WindowsStandalone target not found
Refreshing native plugins compatible for Editor in 0.56 ms, found 3 plugins.
Preloading 0 native plugins for Editor in 0.00 ms.
Mono: successfully reloaded assembly
- Completed reload, in  0.859 seconds
Domain Reload Profiling:
	ReloadAssembly (860ms)
		BeginReloadAssembly (90ms)
			ExecutionOrderSort (0ms)
			DisableScriptedObjects (5ms)
			BackupInstance (0ms)
			ReleaseScriptingObjects (0ms)
			CreateAndSetChildDomain (17ms)
		EndReloadAssembly (680ms)
			LoadAssemblies (74ms)
			RebuildTransferFunctionScriptingTraits (0ms)
			SetupTypeCache (198ms)
			ReleaseScriptCaches (1ms)
			RebuildScriptCaches (39ms)
			SetupLoadedEditorAssemblies (344ms)
				LogAssemblyErrors (0ms)
				InitializePlatformSupportModulesInManaged (4ms)
				SetLoadedEditorAssemblies (1ms)
				RefreshPlugins (1ms)
				BeforeProcessingInitializeOnLoad (70ms)
				ProcessInitializeOnLoadAttributes (206ms)
				ProcessInitializeOnLoadMethodAttributes (54ms)
				AfterProcessingInitializeOnLoad (8ms)
				EditorAssembliesLoaded (0ms)
			ExecutionOrderSort2 (0ms)
			AwakeInstancesAfterBackupRestoration (7ms)
Platform modules already initialized, skipping
========================================================================
Worker process is ready to serve import requests
Launched and connected shader compiler UnityShaderCompiler.exe after 0.06 seconds
Refreshing native plugins compatible for Editor in 0.54 ms, found 3 plugins.
Preloading 0 native plugins for Editor in 0.00 ms.
Unloading 3861 Unused Serialized files (Serialized files now loaded: 0)
Unloading 25 unused Assets / (284.5 KB). Loaded Objects now: 4340.
Memory consumption went from 136.3 MB to 136.1 MB.
Total: 2.711900 ms (FindLiveObjects: 0.228700 ms CreateObjectMapping: 0.074400 ms MarkObjects: 2.318900 ms  DeleteObjects: 0.089000 ms)

AssetImportParameters requested are different than current active one (requested -> active):
  custom:video-decoder-ogg-theora: a1e56fd34408186e4bbccfd4996cb3dc -> 
  custom:container-muxer-webm: aa71ff27fc2769a1b78a27578f13a17b -> 
  custom:container-demuxer-webm: 4f35f7cbe854078d1ac9338744f61a02 -> 
  custom:video-encoder-webm-vp8: eb34c28f22e8b96e1ab97ce403110664 -> 
  custom:audio-encoder-webm-vorbis: bf7c407c2cedff20999df2af8eb42d56 -> 
  custom:framework-win-MediaFoundation: 216162199b28c13a410421893ffa2e32 -> 
  custom:container-demuxer-ogg: 62fdf1f143b41e24485cea50d1cbac27 -> 
  custom:video-decoder-webm-vp8: 9c59270c3fd7afecdb556c50c9e8de78 -> 
  custom:audio-decoder-ogg-vorbis: bf7c407c2cedff20999df2af8eb42d56 -> 
========================================================================
Received Import Request.
  Time since last request: 1833045.684906 seconds.
  path: Assets/Prefabs/PipeKit/Cross Joint.prefab
  artifactKey: Guid(010b7f8212676724a964b504d94c1407) Importer(815301076,1909f56bfc062723c751e8b465ee728b)
Start importing Assets/Prefabs/PipeKit/Cross Joint.prefab using Guid(010b7f8212676724a964b504d94c1407) Importer(815301076,1909f56bfc062723c751e8b465ee728b)  -> (artifact id: 'ee6a83703b547c2a50a6e785ec674e48') in 0.076801 seconds 
========================================================================
Received Import Request.
  Time since last request: 6.788064 seconds.
  path: Assets/Prefabs/PipeKit/LongPipe.prefab
  artifactKey: Guid(060974ee231664943ba387561dc6fc51) Importer(815301076,1909f56bfc062723c751e8b465ee728b)
Start importing Assets/Prefabs/PipeKit/LongPipe.prefab using Guid(060974ee231664943ba387561dc6fc51) Importer(815301076,1909f56bfc062723c751e8b465ee728b)  -> (artifact id: '27b5f6f9731c1cc2406149e81d0c0848') in 0.007558 seconds 
========================================================================
Received Import Request.
  Time since last request: 3.875331 seconds.
  path: Assets/Prefabs/PipeKit/SmCornerPipe.prefab
  artifactKey: Guid(4d911ad79ac6bb2438be1c523a5d9a2c) Importer(815301076,1909f56bfc062723c751e8b465ee728b)
Start importing Assets/Prefabs/PipeKit/SmCornerPipe.prefab using Guid(4d911ad79ac6bb2438be1c523a5d9a2c) Importer(815301076,1909f56bfc062723c751e8b465ee728b)  -> (artifact id: '6ca3498dc8e7009d34cea21921c8b36f') in 0.024572 seconds 
========================================================================
Received Import Request.
  Time since last request: 4.089182 seconds.
  path: Assets/Prefabs/PipeKit/StraightPipe.prefab
  artifactKey: Guid(0b8b63659f829c743bc74d9b7cc5891f) Importer(815301076,1909f56bfc062723c751e8b465ee728b)
Start importing Assets/Prefabs/PipeKit/StraightPipe.prefab using Guid(0b8b63659f829c743bc74d9b7cc5891f) Importer(815301076,1909f56bfc062723c751e8b465ee728b)  -> (artifact id: 'fb7ff79bf1cc3d2a6d69a541149f990a') in 0.007534 seconds 
========================================================================
Received Import Request.
  Time since last request: 3.459444 seconds.
  path: Assets/Prefabs/PipeKit/TPipe.prefab
  artifactKey: Guid(1f086d6b14d2e4b4a981c4dce5d4de30) Importer(815301076,1909f56bfc062723c751e8b465ee728b)
Start importing Assets/Prefabs/PipeKit/TPipe.prefab using Guid(1f086d6b14d2e4b4a981c4dce5d4de30) Importer(815301076,1909f56bfc062723c751e8b465ee728b)  -> (artifact id: 'cdeb8292b7360556ad33573b06376692') in 0.008207 seconds 
========================================================================
Received Import Request.
  Time since last request: 3.670663 seconds.
  path: Assets/Prefabs/PipeKit/Valve.prefab
  artifactKey: Guid(f90d72e3eed124847becd51b40227901) Importer(815301076,1909f56bfc062723c751e8b465ee728b)
Start importing Assets/Prefabs/PipeKit/Valve.prefab using Guid(f90d72e3eed124847becd51b40227901) Importer(815301076,1909f56bfc062723c751e8b465ee728b)  -> (artifact id: '617d89ec97a10b9346c1936e68b8022a') in 0.008921 seconds 
========================================================================
Received Import Request.
  Time since last request: 66.430237 seconds.
  path: Assets/Prefabs/ProcGenTiles
  artifactKey: Guid(fc55236f9a749834ab3258a86239cd71) Importer(815301076,1909f56bfc062723c751e8b465ee728b)
Start importing Assets/Prefabs/ProcGenTiles using Guid(fc55236f9a749834ab3258a86239cd71) Importer(815301076,1909f56bfc062723c751e8b465ee728b)  -> (artifact id: '65ce041a7f34925c2361e5f7f92e669b') in 0.002194 seconds 
========================================================================
Received Import Request.
  Time since last request: 117.936892 seconds.
  path: Assets/Prefabs/Modular/TrimTop.prefab
  artifactKey: Guid(ef4684ca2e5c0c64d82436af5a6fee2a) Importer(815301076,1909f56bfc062723c751e8b465ee728b)
Start importing Assets/Prefabs/Modular/TrimTop.prefab using Guid(ef4684ca2e5c0c64d82436af5a6fee2a) Importer(815301076,1909f56bfc062723c751e8b465ee728b)  -> (artifact id: 'c7cfa8970e6deb76db6afccca1781cf1') in 0.009091 seconds 
========================================================================
Received Import Request.
  Time since last request: 106.162620 seconds.
  path: Assets/Prefabs/Modular/TrimV1.prefab
  artifactKey: Guid(4203f3b3d6742f3459a79735a85ed1e8) Importer(815301076,1909f56bfc062723c751e8b465ee728b)
Start importing Assets/Prefabs/Modular/TrimV1.prefab using Guid(4203f3b3d6742f3459a79735a85ed1e8) Importer(815301076,1909f56bfc062723c751e8b465ee728b)  -> (artifact id: 'ab27d00457c26f50f567b6014cc021eb') in 0.009404 seconds 
